<?xml version="1.0" encoding="UTF-8"?>
<testsuite xmlns:xsi="http://www.w3.org/2001/XMLSchema-instance" xsi:noNamespaceSchemaLocation="https://maven.apache.org/surefire/maven-surefire-plugin/xsd/surefire-test-report-3.0.xsd" version="3.0" name="edu.ntnu.idi.idatt.types.CookbookTest" time="0.007" tests="9" errors="0" skipped="0" failures="0">
  <properties>
[...]
</properties>
  <testcase name="negativeTestCookbookConstructor" classname="edu.ntnu.idi.idatt.types.CookbookTest" time="0.0"/>
  <testcase name="testCookbookConstructor" classname="edu.ntnu.idi.idatt.types.CookbookTest" time="0.001"/>
  <testcase name="testAddDuplicateRecipe" classname="edu.ntnu.idi.idatt.types.CookbookTest" time="0.001"/>
  <testcase name="testFindRecipe" classname="edu.ntnu.idi.idatt.types.CookbookTest" time="0.0"/>
  <testcase name="negativeTestAddRecipe" classname="edu.ntnu.idi.idatt.types.CookbookTest" time="0.0"/>
  <testcase name="negativeTestFindRecipe" classname="edu.ntnu.idi.idatt.types.CookbookTest" time="0.0"/>
  <testcase name="negativeTestGetFormattedString" classname="edu.ntnu.idi.idatt.types.CookbookTest" time="0.001"/>
  <testcase name="testAddRecipe" classname="edu.ntnu.idi.idatt.types.CookbookTest" time="0.0"/>
  <testcase name="testGetFormattedString" classname="edu.ntnu.idi.idatt.types.CookbookTest" time="0.001"/>
</testsuite>